<?xml version="1.0" encoding="UTF-8"?>
<coverage generated="1561945454147" clover="3.2.0">
  <project timestamp="1561945454147" name="All files">
    <metrics statements="84" coveredstatements="84" conditionals="32" coveredconditionals="29" methods="43" coveredmethods="43" elements="159" coveredelements="156" complexity="0" loc="84" ncloc="84" packages="1" files="4" classes="4"/>
    <file name="errors.ts" path="/Users/conor/projects/guarantee/code/guarantee/src/errors.ts">
      <metrics statements="18" coveredstatements="18" conditionals="6" coveredconditionals="3" methods="9" coveredmethods="9"/>
      <line num="1" count="2" type="stmt"/>
      <line num="3" count="1" type="cond" truecount="1" falsecount="1"/>
      <line num="4" count="1" type="stmt"/>
      <line num="6" count="2" type="stmt"/>
      <line num="7" count="2" type="stmt"/>
      <line num="9" count="19" type="cond" truecount="1" falsecount="1"/>
      <line num="10" count="19" type="stmt"/>
      <line num="12" count="2" type="stmt"/>
      <line num="13" count="2" type="stmt"/>
      <line num="15" count="1" type="cond" truecount="1" falsecount="1"/>
      <line num="16" count="1" type="stmt"/>
      <line num="18" count="2" type="stmt"/>
      <line num="20" count="2" type="stmt"/>
      <line num="21" count="1" type="stmt"/>
      <line num="28" count="2" type="stmt"/>
      <line num="29" count="19" type="stmt"/>
      <line num="36" count="2" type="stmt"/>
      <line num="37" count="1" type="stmt"/>
    </file>
    <file name="getters.ts" path="/Users/conor/projects/guarantee/code/guarantee/src/getters.ts">
      <metrics statements="30" coveredstatements="30" conditionals="12" coveredconditionals="12" methods="10" coveredmethods="10"/>
      <line num="2" count="2" type="stmt"/>
      <line num="14" count="2" type="stmt"/>
      <line num="31" count="40" type="stmt"/>
      <line num="32" count="40" type="stmt"/>
      <line num="33" count="30" type="cond" truecount="2" falsecount="0"/>
      <line num="34" count="29" type="cond" truecount="4" falsecount="0"/>
      <line num="35" count="19" type="stmt"/>
      <line num="37" count="30" type="cond" truecount="4" falsecount="0"/>
      <line num="38" count="1" type="stmt"/>
      <line num="39" count="29" type="cond" truecount="2" falsecount="0"/>
      <line num="40" count="2" type="stmt"/>
      <line num="42" count="30" type="stmt"/>
      <line num="58" count="2" type="stmt"/>
      <line num="59" count="8" type="stmt"/>
      <line num="74" count="2" type="stmt"/>
      <line num="75" count="4" type="stmt"/>
      <line num="90" count="2" type="stmt"/>
      <line num="91" count="4" type="stmt"/>
      <line num="106" count="2" type="stmt"/>
      <line num="107" count="4" type="stmt"/>
      <line num="122" count="2" type="stmt"/>
      <line num="123" count="4" type="stmt"/>
      <line num="138" count="2" type="stmt"/>
      <line num="139" count="4" type="stmt"/>
      <line num="154" count="2" type="stmt"/>
      <line num="155" count="4" type="stmt"/>
      <line num="170" count="2" type="stmt"/>
      <line num="171" count="4" type="stmt"/>
      <line num="186" count="2" type="stmt"/>
      <line num="187" count="4" type="stmt"/>
    </file>
    <file name="index.ts" path="/Users/conor/projects/guarantee/code/guarantee/src/index.ts">
      <metrics statements="13" coveredstatements="13" conditionals="0" coveredconditionals="0" methods="10" coveredmethods="10"/>
      <line num="2" count="2" type="stmt"/>
      <line num="14" count="2" type="stmt"/>
      <line num="17" count="2" type="stmt"/>
      <line num="18" count="5" type="stmt"/>
      <line num="19" count="8" type="stmt"/>
      <line num="20" count="4" type="stmt"/>
      <line num="21" count="4" type="stmt"/>
      <line num="22" count="4" type="stmt"/>
      <line num="23" count="4" type="stmt"/>
      <line num="24" count="4" type="stmt"/>
      <line num="25" count="4" type="stmt"/>
      <line num="26" count="4" type="stmt"/>
      <line num="27" count="4" type="stmt"/>
    </file>
    <file name="typeGuards.ts" path="/Users/conor/projects/guarantee/code/guarantee/src/typeGuards.ts">
      <metrics statements="23" coveredstatements="23" conditionals="14" coveredconditionals="14" methods="14" coveredmethods="14"/>
      <line num="6" count="2" type="stmt"/>
      <line num="11" count="2" type="stmt"/>
      <line num="16" count="2" type="stmt"/>
      <line num="21" count="2" type="stmt"/>
      <line num="26" count="2" type="stmt"/>
      <line num="31" count="2" type="stmt"/>
      <line num="36" count="2" type="stmt"/>
      <line num="41" count="2" type="stmt"/>
      <line num="46" count="2" type="stmt"/>
      <line num="52" count="17" type="stmt"/>
      <line num="56" count="13" type="stmt"/>
      <line num="60" count="13" type="stmt"/>
      <line num="64" count="18" type="stmt"/>
      <line num="68" count="18" type="cond" truecount="2" falsecount="0"/>
      <line num="72" count="6" type="cond" truecount="2" falsecount="0"/>
      <line num="76" count="6" type="cond" truecount="2" falsecount="0"/>
      <line num="80" count="6" type="cond" truecount="2" falsecount="0"/>
      <line num="84" count="6" type="stmt"/>
      <line num="87" count="4" type="stmt"/>
      <line num="93" count="6" type="stmt"/>
      <line num="96" count="4" type="stmt"/>
      <line num="102" count="6" type="stmt"/>
      <line num="105" count="4" type="stmt"/>
    </file>
  </project>
</coverage>
