{"/Users/conor/projects/guarantee/code/guarantee/src/errors.ts": {"path":"/Users/conor/projects/guarantee/code/guarantee/src/errors.ts","statementMap":{"0":{"start":{"line":1,"column":0},"end":{"line":1,"column":null}},"1":{"start":{"line":1,"column":48},"end":{"line":1,"column":53}},"2":{"start":{"line":3,"column":4},"end":{"line":3,"column":null}},"3":{"start":{"line":4,"column":4},"end":{"line":4,"column":45}},"4":{"start":{"line":6,"column":0},"end":{"line":6,"column":null}},"5":{"start":{"line":1,"column":13},"end":{"line":1,"column":39}},"6":{"start":{"line":7,"column":0},"end":{"line":7,"column":null}},"7":{"start":{"line":7,"column":51},"end":{"line":7,"column":56}},"8":{"start":{"line":9,"column":4},"end":{"line":9,"column":null}},"9":{"start":{"line":10,"column":4},"end":{"line":10,"column":48}},"10":{"start":{"line":12,"column":0},"end":{"line":12,"column":null}},"11":{"start":{"line":7,"column":13},"end":{"line":7,"column":42}},"12":{"start":{"line":13,"column":0},"end":{"line":13,"column":null}},"13":{"start":{"line":13,"column":46},"end":{"line":13,"column":51}},"14":{"start":{"line":15,"column":4},"end":{"line":15,"column":null}},"15":{"start":{"line":16,"column":4},"end":{"line":16,"column":43}},"16":{"start":{"line":18,"column":0},"end":{"line":18,"column":null}},"17":{"start":{"line":13,"column":13},"end":{"line":13,"column":37}},"18":{"start":{"line":21,"column":2},"end":{"line":25,"column":4}},"19":{"start":{"line":20,"column":0},"end":{"line":20,"column":16}},"20":{"start":{"line":29,"column":2},"end":{"line":33,"column":4}},"21":{"start":{"line":28,"column":0},"end":{"line":28,"column":16}},"22":{"start":{"line":37,"column":2},"end":{"line":39,"column":4}},"23":{"start":{"line":36,"column":0},"end":{"line":36,"column":16}}},"fnMap":{"0":{"name":"(anonymous_6)","decl":{"start":{"line":1,"column":0},"end":{"line":1,"column":13}},"loc":{"start":{"line":1,"column":0},"end":{"line":6,"column":null}}},"1":{"name":"PropertyUndefinedException","decl":{"start":{"line":2,"column":2},"end":{"line":2,"column":14}},"loc":{"start":{"line":2,"column":29},"end":{"line":5,"column":3}}},"2":{"name":"(anonymous_8)","decl":{"start":{"line":7,"column":0},"end":{"line":7,"column":13}},"loc":{"start":{"line":7,"column":0},"end":{"line":12,"column":null}}},"3":{"name":"PropertyTypeMismatchException","decl":{"start":{"line":8,"column":2},"end":{"line":8,"column":14}},"loc":{"start":{"line":8,"column":29},"end":{"line":11,"column":3}}},"4":{"name":"(anonymous_10)","decl":{"start":{"line":13,"column":0},"end":{"line":13,"column":13}},"loc":{"start":{"line":13,"column":0},"end":{"line":18,"column":null}}},"5":{"name":"PropertyMissingException","decl":{"start":{"line":14,"column":2},"end":{"line":14,"column":14}},"loc":{"start":{"line":14,"column":29},"end":{"line":17,"column":3}}},"6":{"name":"createPropertyUndefinedException","decl":{"start":{"line":20,"column":16},"end":{"line":20,"column":48}},"loc":{"start":{"line":20,"column":111},"end":{"line":26,"column":1}}},"7":{"name":"createPropertyTypeMismatchException","decl":{"start":{"line":28,"column":16},"end":{"line":28,"column":51}},"loc":{"start":{"line":28,"column":136},"end":{"line":34,"column":1}}},"8":{"name":"createPropertyMissingException","decl":{"start":{"line":36,"column":16},"end":{"line":36,"column":46}},"loc":{"start":{"line":36,"column":109},"end":{"line":40,"column":1}}}},"branchMap":{"0":{"loc":{"start":{"line":3,"column":4},"end":{"line":3,"column":18}},"type":"binary-expr","locations":[{"start":{"line":3,"column":4},"end":{"line":3,"column":18}},{"start":{"line":3,"column":18},"end":{"line":3,"column":null}}]},"1":{"loc":{"start":{"line":9,"column":4},"end":{"line":9,"column":18}},"type":"binary-expr","locations":[{"start":{"line":9,"column":4},"end":{"line":9,"column":18}},{"start":{"line":9,"column":18},"end":{"line":9,"column":null}}]},"2":{"loc":{"start":{"line":15,"column":4},"end":{"line":15,"column":18}},"type":"binary-expr","locations":[{"start":{"line":15,"column":4},"end":{"line":15,"column":18}},{"start":{"line":15,"column":18},"end":{"line":15,"column":null}}]}},"s":{"0":2,"1":2,"2":1,"3":1,"4":2,"5":2,"6":2,"7":2,"8":19,"9":19,"10":2,"11":2,"12":2,"13":2,"14":1,"15":1,"16":2,"17":2,"18":1,"19":2,"20":19,"21":2,"22":1,"23":2},"f":{"0":2,"1":1,"2":2,"3":19,"4":2,"5":1,"6":1,"7":19,"8":1},"b":{"0":[1,0],"1":[19,0],"2":[1,0]}}
,"/Users/conor/projects/guarantee/code/guarantee/src/getters.ts": {"path":"/Users/conor/projects/guarantee/code/guarantee/src/getters.ts","statementMap":{"0":{"start":{"line":2,"column":0},"end":{"line":2,"column":null}},"1":{"start":{"line":14,"column":0},"end":{"line":14,"column":129}},"2":{"start":{"line":31,"column":2},"end":{"line":43,"column":null}},"3":{"start":{"line":32,"column":19},"end":{"line":32,"column":43}},"4":{"start":{"line":33,"column":4},"end":{"line":33,"column":105}},"5":{"start":{"line":33,"column":30},"end":{"line":33,"column":105}},"6":{"start":{"line":34,"column":4},"end":{"line":34,"column":68}},"7":{"start":{"line":34,"column":54},"end":{"line":34,"column":68}},"8":{"start":{"line":35,"column":4},"end":{"line":35,"column":94}},"9":{"start":{"line":37,"column":4},"end":{"line":41,"column":null}},"10":{"start":{"line":38,"column":6},"end":{"line":38,"column":91}},"11":{"start":{"line":39,"column":11},"end":{"line":41,"column":null}},"12":{"start":{"line":40,"column":6},"end":{"line":40,"column":30}},"13":{"start":{"line":42,"column":4},"end":{"line":42,"column":20}},"14":{"start":{"line":59,"column":2},"end":{"line":59,"column":89}},"15":{"start":{"line":58,"column":0},"end":{"line":58,"column":16}},"16":{"start":{"line":75,"column":2},"end":{"line":75,"column":89}},"17":{"start":{"line":74,"column":0},"end":{"line":74,"column":16}},"18":{"start":{"line":91,"column":2},"end":{"line":91,"column":90}},"19":{"start":{"line":90,"column":0},"end":{"line":90,"column":16}},"20":{"start":{"line":107,"column":2},"end":{"line":107,"column":94}},"21":{"start":{"line":106,"column":0},"end":{"line":106,"column":16}},"22":{"start":{"line":123,"column":2},"end":{"line":123,"column":94}},"23":{"start":{"line":122,"column":0},"end":{"line":122,"column":16}},"24":{"start":{"line":139,"column":2},"end":{"line":139,"column":95}},"25":{"start":{"line":138,"column":0},"end":{"line":138,"column":16}},"26":{"start":{"line":155,"column":2},"end":{"line":155,"column":92}},"27":{"start":{"line":154,"column":0},"end":{"line":154,"column":16}},"28":{"start":{"line":171,"column":2},"end":{"line":171,"column":92}},"29":{"start":{"line":170,"column":0},"end":{"line":170,"column":16}},"30":{"start":{"line":187,"column":2},"end":{"line":187,"column":93}},"31":{"start":{"line":186,"column":0},"end":{"line":186,"column":16}}},"fnMap":{"0":{"name":"getWithGuard","decl":{"start":{"line":30,"column":9},"end":{"line":30,"column":21}},"loc":{"start":{"line":30,"column":81},"end":{"line":44,"column":1}}},"1":{"name":"getString","decl":{"start":{"line":58,"column":16},"end":{"line":58,"column":25}},"loc":{"start":{"line":58,"column":78},"end":{"line":60,"column":1}}},"2":{"name":"getNumber","decl":{"start":{"line":74,"column":16},"end":{"line":74,"column":25}},"loc":{"start":{"line":74,"column":78},"end":{"line":76,"column":1}}},"3":{"name":"getBoolean","decl":{"start":{"line":90,"column":16},"end":{"line":90,"column":26}},"loc":{"start":{"line":90,"column":79},"end":{"line":92,"column":1}}},"4":{"name":"getStringArray","decl":{"start":{"line":106,"column":16},"end":{"line":106,"column":30}},"loc":{"start":{"line":106,"column":83},"end":{"line":108,"column":1}}},"5":{"name":"getNumberArray","decl":{"start":{"line":122,"column":16},"end":{"line":122,"column":30}},"loc":{"start":{"line":122,"column":83},"end":{"line":124,"column":1}}},"6":{"name":"getBooleanArray","decl":{"start":{"line":138,"column":16},"end":{"line":138,"column":31}},"loc":{"start":{"line":138,"column":84},"end":{"line":140,"column":1}}},"7":{"name":"getStringMap","decl":{"start":{"line":154,"column":16},"end":{"line":154,"column":28}},"loc":{"start":{"line":154,"column":81},"end":{"line":156,"column":1}}},"8":{"name":"getNumberMap","decl":{"start":{"line":170,"column":16},"end":{"line":170,"column":28}},"loc":{"start":{"line":170,"column":81},"end":{"line":172,"column":1}}},"9":{"name":"getBooleanMap","decl":{"start":{"line":186,"column":16},"end":{"line":186,"column":29}},"loc":{"start":{"line":186,"column":82},"end":{"line":188,"column":1}}}},"branchMap":{"0":{"loc":{"start":{"line":33,"column":4},"end":{"line":33,"column":105}},"type":"if","locations":[{"start":{"line":33,"column":4},"end":{"line":33,"column":105}},{"start":{"line":33,"column":4},"end":{"line":33,"column":105}}]},"1":{"loc":{"start":{"line":34,"column":4},"end":{"line":34,"column":68}},"type":"if","locations":[{"start":{"line":34,"column":4},"end":{"line":34,"column":68}},{"start":{"line":34,"column":4},"end":{"line":34,"column":68}}]},"2":{"loc":{"start":{"line":34,"column":8},"end":{"line":34,"column":29}},"type":"binary-expr","locations":[{"start":{"line":34,"column":8},"end":{"line":34,"column":29}},{"start":{"line":34,"column":33},"end":{"line":34,"column":52}}]},"3":{"loc":{"start":{"line":37,"column":4},"end":{"line":41,"column":null}},"type":"if","locations":[{"start":{"line":37,"column":4},"end":{"line":41,"column":null}},{"start":{"line":37,"column":4},"end":{"line":41,"column":null}}]},"4":{"loc":{"start":{"line":37,"column":8},"end":{"line":37,"column":24}},"type":"binary-expr","locations":[{"start":{"line":37,"column":8},"end":{"line":37,"column":24}},{"start":{"line":37,"column":28},"end":{"line":37,"column":54}}]},"5":{"loc":{"start":{"line":39,"column":11},"end":{"line":41,"column":null}},"type":"if","locations":[{"start":{"line":39,"column":11},"end":{"line":41,"column":null}},{"start":{"line":39,"column":11},"end":{"line":41,"column":null}}]}},"s":{"0":2,"1":2,"2":40,"3":40,"4":30,"5":1,"6":29,"7":10,"8":19,"9":30,"10":1,"11":29,"12":2,"13":30,"14":8,"15":2,"16":4,"17":2,"18":4,"19":2,"20":4,"21":2,"22":4,"23":2,"24":4,"25":2,"26":4,"27":2,"28":4,"29":2,"30":4,"31":2},"f":{"0":40,"1":8,"2":4,"3":4,"4":4,"5":4,"6":4,"7":4,"8":4,"9":4},"b":{"0":[1,29],"1":[10,19],"2":[29,29],"3":[1,29],"4":[30,3],"5":[2,27]}}
,"/Users/conor/projects/guarantee/code/guarantee/src/index.ts": {"path":"/Users/conor/projects/guarantee/code/guarantee/src/index.ts","statementMap":{"0":{"start":{"line":2,"column":0},"end":{"line":2,"column":null}},"1":{"start":{"line":14,"column":9},"end":{"line":3,"column":null}},"2":{"start":{"line":14,"column":20},"end":{"line":4,"column":null}},"3":{"start":{"line":14,"column":31},"end":{"line":5,"column":null}},"4":{"start":{"line":14,"column":43},"end":{"line":6,"column":null}},"5":{"start":{"line":14,"column":59},"end":{"line":7,"column":null}},"6":{"start":{"line":14,"column":75},"end":{"line":8,"column":null}},"7":{"start":{"line":14,"column":92},"end":{"line":9,"column":null}},"8":{"start":{"line":14,"column":106},"end":{"line":10,"column":null}},"9":{"start":{"line":14,"column":120},"end":{"line":11,"column":null}},"10":{"start":{"line":18,"column":2},"end":{"line":28,"column":4}},"11":{"start":{"line":19,"column":55},"end":{"line":19,"column":null}},"12":{"start":{"line":20,"column":55},"end":{"line":20,"column":null}},"13":{"start":{"line":21,"column":56},"end":{"line":21,"column":null}},"14":{"start":{"line":22,"column":60},"end":{"line":22,"column":null}},"15":{"start":{"line":23,"column":60},"end":{"line":23,"column":null}},"16":{"start":{"line":24,"column":61},"end":{"line":24,"column":null}},"17":{"start":{"line":25,"column":58},"end":{"line":25,"column":null}},"18":{"start":{"line":26,"column":58},"end":{"line":26,"column":null}},"19":{"start":{"line":27,"column":59},"end":{"line":27,"column":null}},"20":{"start":{"line":17,"column":0},"end":{"line":17,"column":24}}},"fnMap":{"0":{"name":"guaranteeFactory","decl":{"start":{"line":17,"column":24},"end":{"line":17,"column":40}},"loc":{"start":{"line":17,"column":57},"end":{"line":29,"column":1}}},"1":{"name":"(anonymous_1)","decl":{"start":{"line":19,"column":15},"end":{"line":19,"column":16}},"loc":{"start":{"line":19,"column":50},"end":{"line":19,"column":64}}},"2":{"name":"(anonymous_2)","decl":{"start":{"line":20,"column":15},"end":{"line":20,"column":16}},"loc":{"start":{"line":20,"column":50},"end":{"line":20,"column":64}}},"3":{"name":"(anonymous_3)","decl":{"start":{"line":21,"column":16},"end":{"line":21,"column":17}},"loc":{"start":{"line":21,"column":51},"end":{"line":21,"column":66}}},"4":{"name":"(anonymous_4)","decl":{"start":{"line":22,"column":20},"end":{"line":22,"column":21}},"loc":{"start":{"line":22,"column":55},"end":{"line":22,"column":74}}},"5":{"name":"(anonymous_5)","decl":{"start":{"line":23,"column":20},"end":{"line":23,"column":21}},"loc":{"start":{"line":23,"column":55},"end":{"line":23,"column":74}}},"6":{"name":"(anonymous_6)","decl":{"start":{"line":24,"column":21},"end":{"line":24,"column":22}},"loc":{"start":{"line":24,"column":56},"end":{"line":24,"column":76}}},"7":{"name":"(anonymous_7)","decl":{"start":{"line":25,"column":18},"end":{"line":25,"column":19}},"loc":{"start":{"line":25,"column":53},"end":{"line":25,"column":70}}},"8":{"name":"(anonymous_8)","decl":{"start":{"line":26,"column":18},"end":{"line":26,"column":19}},"loc":{"start":{"line":26,"column":53},"end":{"line":26,"column":70}}},"9":{"name":"(anonymous_9)","decl":{"start":{"line":27,"column":19},"end":{"line":27,"column":20}},"loc":{"start":{"line":27,"column":54},"end":{"line":27,"column":72}}}},"branchMap":{},"s":{"0":2,"1":2,"2":2,"3":2,"4":2,"5":2,"6":2,"7":2,"8":2,"9":2,"10":5,"11":8,"12":4,"13":4,"14":4,"15":4,"16":4,"17":4,"18":4,"19":4,"20":2},"f":{"0":5,"1":8,"2":4,"3":4,"4":4,"5":4,"6":4,"7":4,"8":4,"9":4},"b":{}}
,"/Users/conor/projects/guarantee/code/guarantee/src/typeGuards.ts": {"path":"/Users/conor/projects/guarantee/code/guarantee/src/typeGuards.ts","statementMap":{"0":{"start":{"line":6,"column":13},"end":{"line":9,"column":2}},"1":{"start":{"line":11,"column":13},"end":{"line":14,"column":2}},"2":{"start":{"line":16,"column":13},"end":{"line":19,"column":2}},"3":{"start":{"line":21,"column":13},"end":{"line":24,"column":2}},"4":{"start":{"line":26,"column":13},"end":{"line":29,"column":2}},"5":{"start":{"line":31,"column":13},"end":{"line":34,"column":2}},"6":{"start":{"line":36,"column":13},"end":{"line":39,"column":2}},"7":{"start":{"line":41,"column":13},"end":{"line":44,"column":2}},"8":{"start":{"line":46,"column":13},"end":{"line":49,"column":2}},"9":{"start":{"line":52,"column":2},"end":{"line":52,"column":33}},"10":{"start":{"line":56,"column":2},"end":{"line":56,"column":33}},"11":{"start":{"line":60,"column":2},"end":{"line":60,"column":34}},"12":{"start":{"line":64,"column":2},"end":{"line":64,"column":28}},"13":{"start":{"line":68,"column":2},"end":{"line":68,"column":49}},"14":{"start":{"line":72,"column":2},"end":{"line":72,"column":45}},"15":{"start":{"line":76,"column":2},"end":{"line":76,"column":45}},"16":{"start":{"line":80,"column":2},"end":{"line":80,"column":46}},"17":{"start":{"line":84,"column":2},"end":{"line":89,"column":4}},"18":{"start":{"line":87,"column":18},"end":{"line":87,"column":27}},"19":{"start":{"line":93,"column":2},"end":{"line":98,"column":4}},"20":{"start":{"line":96,"column":18},"end":{"line":96,"column":27}},"21":{"start":{"line":102,"column":2},"end":{"line":107,"column":4}},"22":{"start":{"line":105,"column":18},"end":{"line":105,"column":27}}},"fnMap":{"0":{"name":"isString","decl":{"start":{"line":51,"column":9},"end":{"line":51,"column":17}},"loc":{"start":{"line":51,"column":26},"end":{"line":53,"column":1}}},"1":{"name":"isNumber","decl":{"start":{"line":55,"column":9},"end":{"line":55,"column":17}},"loc":{"start":{"line":55,"column":26},"end":{"line":57,"column":1}}},"2":{"name":"isBoolean","decl":{"start":{"line":59,"column":9},"end":{"line":59,"column":18}},"loc":{"start":{"line":59,"column":27},"end":{"line":61,"column":1}}},"3":{"name":"isArray","decl":{"start":{"line":63,"column":9},"end":{"line":63,"column":16}},"loc":{"start":{"line":63,"column":25},"end":{"line":65,"column":1}}},"4":{"name":"isObject","decl":{"start":{"line":67,"column":9},"end":{"line":67,"column":17}},"loc":{"start":{"line":67,"column":26},"end":{"line":69,"column":1}}},"5":{"name":"isStringArray","decl":{"start":{"line":71,"column":9},"end":{"line":71,"column":22}},"loc":{"start":{"line":71,"column":31},"end":{"line":73,"column":1}}},"6":{"name":"isNumberArray","decl":{"start":{"line":75,"column":9},"end":{"line":75,"column":22}},"loc":{"start":{"line":75,"column":31},"end":{"line":77,"column":1}}},"7":{"name":"isBooleanArray","decl":{"start":{"line":79,"column":9},"end":{"line":79,"column":23}},"loc":{"start":{"line":79,"column":32},"end":{"line":81,"column":1}}},"8":{"name":"isStringMap","decl":{"start":{"line":83,"column":9},"end":{"line":83,"column":20}},"loc":{"start":{"line":83,"column":29},"end":{"line":90,"column":1}}},"9":{"name":"(anonymous_9)","decl":{"start":{"line":87,"column":11},"end":{"line":87,"column":14}},"loc":{"start":{"line":87,"column":14},"end":{"line":87,"column":21}}},"10":{"name":"isNumberMap","decl":{"start":{"line":92,"column":9},"end":{"line":92,"column":20}},"loc":{"start":{"line":92,"column":29},"end":{"line":99,"column":1}}},"11":{"name":"(anonymous_11)","decl":{"start":{"line":96,"column":11},"end":{"line":96,"column":14}},"loc":{"start":{"line":96,"column":14},"end":{"line":96,"column":21}}},"12":{"name":"isBooleanMap","decl":{"start":{"line":101,"column":9},"end":{"line":101,"column":21}},"loc":{"start":{"line":101,"column":30},"end":{"line":108,"column":1}}},"13":{"name":"(anonymous_13)","decl":{"start":{"line":105,"column":11},"end":{"line":105,"column":14}},"loc":{"start":{"line":105,"column":14},"end":{"line":105,"column":21}}}},"branchMap":{"0":{"loc":{"start":{"line":68,"column":9},"end":{"line":68,"column":32}},"type":"binary-expr","locations":[{"start":{"line":68,"column":9},"end":{"line":68,"column":32}},{"start":{"line":68,"column":36},"end":{"line":68,"column":48}}]},"1":{"loc":{"start":{"line":72,"column":9},"end":{"line":72,"column":21}},"type":"binary-expr","locations":[{"start":{"line":72,"column":9},"end":{"line":72,"column":21}},{"start":{"line":72,"column":25},"end":{"line":72,"column":44}}]},"2":{"loc":{"start":{"line":76,"column":9},"end":{"line":76,"column":21}},"type":"binary-expr","locations":[{"start":{"line":76,"column":9},"end":{"line":76,"column":21}},{"start":{"line":76,"column":25},"end":{"line":76,"column":44}}]},"3":{"loc":{"start":{"line":80,"column":9},"end":{"line":80,"column":21}},"type":"binary-expr","locations":[{"start":{"line":80,"column":9},"end":{"line":80,"column":21}},{"start":{"line":80,"column":25},"end":{"line":80,"column":45}}]},"4":{"loc":{"start":{"line":85,"column":4},"end":{"line":85,"column":17}},"type":"binary-expr","locations":[{"start":{"line":85,"column":4},"end":{"line":85,"column":17}},{"start":{"line":86,"column":4},"end":{"line":88,"column":22}}]},"5":{"loc":{"start":{"line":94,"column":4},"end":{"line":94,"column":17}},"type":"binary-expr","locations":[{"start":{"line":94,"column":4},"end":{"line":94,"column":17}},{"start":{"line":95,"column":4},"end":{"line":97,"column":22}}]},"6":{"loc":{"start":{"line":103,"column":4},"end":{"line":103,"column":17}},"type":"binary-expr","locations":[{"start":{"line":103,"column":4},"end":{"line":103,"column":17}},{"start":{"line":104,"column":4},"end":{"line":106,"column":23}}]}},"s":{"0":2,"1":2,"2":2,"3":2,"4":2,"5":2,"6":2,"7":2,"8":2,"9":17,"10":13,"11":13,"12":18,"13":18,"14":6,"15":6,"16":6,"17":6,"18":4,"19":6,"20":4,"21":6,"22":4},"f":{"0":17,"1":13,"2":13,"3":18,"4":18,"5":6,"6":6,"7":6,"8":6,"9":4,"10":6,"11":4,"12":6,"13":4},"b":{"0":[18,15],"1":[6,4],"2":[6,4],"3":[6,4],"4":[6,5],"5":[6,5],"6":[6,5]}}
}
