TN:
SF:/Users/conor/projects/guarantee/code/guarantee/src/errors.ts
FN:1,(anonymous_6)
FN:2,PropertyUndefinedException
FN:7,(anonymous_8)
FN:8,PropertyTypeMismatchException
FN:13,(anonymous_10)
FN:14,PropertyMissingException
FN:20,createPropertyUndefinedException
FN:28,createPropertyTypeMismatchException
FN:36,createPropertyMissingException
FNF:9
FNH:9
FNDA:2,(anonymous_6)
FNDA:1,PropertyUndefinedException
FNDA:2,(anonymous_8)
FNDA:19,PropertyTypeMismatchException
FNDA:2,(anonymous_10)
FNDA:1,PropertyMissingException
FNDA:1,createPropertyUndefinedException
FNDA:19,createPropertyTypeMismatchException
FNDA:1,createPropertyMissingException
DA:1,2
DA:3,1
DA:4,1
DA:6,2
DA:7,2
DA:9,19
DA:10,19
DA:12,2
DA:13,2
DA:15,1
DA:16,1
DA:18,2
DA:20,2
DA:21,1
DA:28,2
DA:29,19
DA:36,2
DA:37,1
LF:18
LH:18
BRDA:3,0,0,1
BRDA:3,0,1,0
BRDA:9,1,0,19
BRDA:9,1,1,0
BRDA:15,2,0,1
BRDA:15,2,1,0
BRF:6
BRH:3
end_of_record
TN:
SF:/Users/conor/projects/guarantee/code/guarantee/src/getters.ts
FN:30,getWithGuard
FN:58,getString
FN:74,getNumber
FN:90,getBoolean
FN:106,getStringArray
FN:122,getNumberArray
FN:138,getBooleanArray
FN:154,getStringMap
FN:170,getNumberMap
FN:186,getBooleanMap
FNF:10
FNH:10
FNDA:40,getWithGuard
FNDA:8,getString
FNDA:4,getNumber
FNDA:4,getBoolean
FNDA:4,getStringArray
FNDA:4,getNumberArray
FNDA:4,getBooleanArray
FNDA:4,getStringMap
FNDA:4,getNumberMap
FNDA:4,getBooleanMap
DA:2,2
DA:14,2
DA:31,40
DA:32,40
DA:33,30
DA:34,29
DA:35,19
DA:37,30
DA:38,1
DA:39,29
DA:40,2
DA:42,30
DA:58,2
DA:59,8
DA:74,2
DA:75,4
DA:90,2
DA:91,4
DA:106,2
DA:107,4
DA:122,2
DA:123,4
DA:138,2
DA:139,4
DA:154,2
DA:155,4
DA:170,2
DA:171,4
DA:186,2
DA:187,4
LF:30
LH:30
BRDA:33,0,0,1
BRDA:33,0,1,29
BRDA:34,1,0,10
BRDA:34,1,1,19
BRDA:34,2,0,29
BRDA:34,2,1,29
BRDA:37,3,0,1
BRDA:37,3,1,29
BRDA:37,4,0,30
BRDA:37,4,1,3
BRDA:39,5,0,2
BRDA:39,5,1,27
BRF:12
BRH:12
end_of_record
TN:
SF:/Users/conor/projects/guarantee/code/guarantee/src/index.ts
FN:17,guaranteeFactory
FN:19,(anonymous_1)
FN:20,(anonymous_2)
FN:21,(anonymous_3)
FN:22,(anonymous_4)
FN:23,(anonymous_5)
FN:24,(anonymous_6)
FN:25,(anonymous_7)
FN:26,(anonymous_8)
FN:27,(anonymous_9)
FNF:10
FNH:10
FNDA:5,guaranteeFactory
FNDA:8,(anonymous_1)
FNDA:4,(anonymous_2)
FNDA:4,(anonymous_3)
FNDA:4,(anonymous_4)
FNDA:4,(anonymous_5)
FNDA:4,(anonymous_6)
FNDA:4,(anonymous_7)
FNDA:4,(anonymous_8)
FNDA:4,(anonymous_9)
DA:2,2
DA:14,2
DA:17,2
DA:18,5
DA:19,8
DA:20,4
DA:21,4
DA:22,4
DA:23,4
DA:24,4
DA:25,4
DA:26,4
DA:27,4
LF:13
LH:13
BRF:0
BRH:0
end_of_record
TN:
SF:/Users/conor/projects/guarantee/code/guarantee/src/typeGuards.ts
FN:51,isString
FN:55,isNumber
FN:59,isBoolean
FN:63,isArray
FN:67,isObject
FN:71,isStringArray
FN:75,isNumberArray
FN:79,isBooleanArray
FN:83,isStringMap
FN:87,(anonymous_9)
FN:92,isNumberMap
FN:96,(anonymous_11)
FN:101,isBooleanMap
FN:105,(anonymous_13)
FNF:14
FNH:14
FNDA:17,isString
FNDA:13,isNumber
FNDA:13,isBoolean
FNDA:18,isArray
FNDA:18,isObject
FNDA:6,isStringArray
FNDA:6,isNumberArray
FNDA:6,isBooleanArray
FNDA:6,isStringMap
FNDA:4,(anonymous_9)
FNDA:6,isNumberMap
FNDA:4,(anonymous_11)
FNDA:6,isBooleanMap
FNDA:4,(anonymous_13)
DA:6,2
DA:11,2
DA:16,2
DA:21,2
DA:26,2
DA:31,2
DA:36,2
DA:41,2
DA:46,2
DA:52,17
DA:56,13
DA:60,13
DA:64,18
DA:68,18
DA:72,6
DA:76,6
DA:80,6
DA:84,6
DA:87,4
DA:93,6
DA:96,4
DA:102,6
DA:105,4
LF:23
LH:23
BRDA:68,0,0,18
BRDA:68,0,1,15
BRDA:72,1,0,6
BRDA:72,1,1,4
BRDA:76,2,0,6
BRDA:76,2,1,4
BRDA:80,3,0,6
BRDA:80,3,1,4
BRDA:85,4,0,6
BRDA:85,4,1,5
BRDA:94,5,0,6
BRDA:94,5,1,5
BRDA:103,6,0,6
BRDA:103,6,1,5
BRF:14
BRH:14
end_of_record
